==> Applying patch to overlay: /home/ben/Desktop/kde-sunset
patching file eclass/kde4-base.eclass
patching file eclass/kde4-functions.eclass
patching file eclass/kde4-functions-extra.eclass
patching file eclass/qt4-build-multilib.eclass
patching file eclass/qt4-build-multilib.eclass
patching file kde-apps/akonadi/Manifest
patching file kde-apps/akonadi/akonadi-1.13.1_p20161023.ebuild
patch unexpectedly ends in middle of line
==> Updating EAPI versions to 7...
✔️  Updated EAPI in /home/ben/Desktop/kde-sunset/net-irc/konversation/konversation-1.5.1.ebuild
✔️  Updated EAPI in /home/ben/Desktop/kde-sunset/net-vpn/kvpnc/kvpnc-0.9.6a-r3.ebuild
✔️  Updated EAPI in /home/ben/Desktop/kde-sunset/kde-misc/quickaccess/quickaccess-0.8.2-r1.ebuild
✔️  Updated EAPI in /home/ben/Desktop/kde-sunset/kde-misc/kbstateapplet/kbstateapplet-0_p1268845.ebuild
✔️  Updated EAPI in /home/ben/Desktop/kde-sunset/kde-misc/krusader/krusader-2.4.0_beta3-r2.ebuild
✔️  Updated EAPI in /home/ben/Desktop/kde-sunset/kde-misc/cpuload/cpuload-0.3.2.ebuild
✔️  Updated EAPI in /home/ben/Desktop/kde-sunset/kde-misc/kdeconnect/kdeconnect-0.8-r1.ebuild
✔️  Updated EAPI in /home/ben/Desktop/kde-sunset/kde-misc/nvdevmon/nvdevmon-0.1.2.ebuild
✔️  Updated EAPI in /home/ben/Desktop/kde-sunset/kde-misc/plasma-emergelog/plasma-emergelog-0.0.2-r1.ebuild
✔️  Updated EAPI in /home/ben/Desktop/kde-sunset/kde-misc/plasma-lionmail/plasma-lionmail-0_p20121020.ebuild
✔️  Updated EAPI in /home/ben/Desktop/kde-sunset/kde-misc/yawp/yawp-0.4.5.ebuild
✔️  Updated EAPI in /home/ben/Desktop/kde-sunset/kde-misc/baloo-kcmadv/baloo-kcmadv-2014.04.27.ebuild
✔️  Updated EAPI in /home/ben/Desktop/kde-sunset/kde-misc/kepas/kepas-0.9.3.ebuild
✔️  Updated EAPI in /home/ben/Desktop/kde-sunset/kde-misc/plasma-widget-message-indicator/plasma-widget-message-indicator-0.5.8.ebuild
✔️  Updated EAPI in /home/ben/Desktop/kde-sunset/kde-misc/steamcompanion/steamcompanion-0.5.4-r1.ebuild
✔️  Updated EAPI in /home/ben/Desktop/kde-sunset/kde-misc/kdirstat/kdirstat-2.7.8.ebuild
✔️  Updated EAPI in /home/ben/Desktop/kde-sunset/kde-misc/commandwatch/commandwatch-0.1.1.ebuild
✔️  Updated EAPI in /home/ben/Desktop/kde-sunset/kde-misc/kolor-manager/kolor-manager-1.0.2.ebuild
✔️  Updated EAPI in /home/ben/Desktop/kde-sunset/kde-misc/kdmthemegenerator/kdmthemegenerator-0.8.ebuild
✔️  Updated EAPI in /home/ben/Desktop/kde-sunset/kde-misc/plasma-network-status/plasma-network-status-0.1.1.ebuild
✔️  Updated EAPI in /home/ben/Desktop/kde-sunset/kde-misc/systemd-kcm/systemd-kcm-0.7.0.ebuild
✔️  Updated EAPI in /home/ben/Desktop/kde-sunset/kde-misc/redshift-plasmoid/redshift-plasmoid-1.0.ebuild
✔️  Updated EAPI in /home/ben/Desktop/kde-sunset/kde-misc/bkodama/bkodama-0.3.1.ebuild
✔️  Updated EAPI in /home/ben/Desktop/kde-sunset/kde-misc/kprayertime/kprayertime-4.01.ebuild
✔️  Updated EAPI in /home/ben/Desktop/kde-sunset/kde-misc/about-distro/about-distro-1.1.0.ebuild
✔️  Updated EAPI in /home/ben/Desktop/kde-sunset/kde-misc/colord-kde/colord-kde-0.3.0.ebuild
✔️  Updated EAPI in /home/ben/Desktop/kde-sunset/kde-misc/plasmatvgr/plasmatvgr-0.47.ebuild
✔️  Updated EAPI in /home/ben/Desktop/kde-sunset/kde-misc/customizable-weather/customizable-weather-1.12.1.ebuild
✔️  Updated EAPI in /home/ben/Desktop/kde-sunset/kde-misc/kgrubeditor/kgrubeditor-0.8.5.ebuild
✔️  Updated EAPI in /home/ben/Desktop/kde-sunset/kde-misc/plasma-mpd-nowplaying/plasma-mpd-nowplaying-0.3.ebuild
✔️  Updated EAPI in /home/ben/Desktop/kde-sunset/kde-misc/eyesaver/eyesaver-0.4.ebuild
✔️  Updated EAPI in /home/ben/Desktop/kde-sunset/kde-misc/emerging-plasmoid/emerging-plasmoid-1.0.3.ebuild
✔️  Updated EAPI in /home/ben/Desktop/kde-sunset/kde-misc/nightmode/nightmode-0.3-r1.ebuild
✔️  Updated EAPI in /home/ben/Desktop/kde-sunset/kde-misc/plasmoid-workflow/plasmoid-workflow-0.4.1.ebuild
✔️  Updated EAPI in /home/ben/Desktop/kde-sunset/kde-misc/plasma-photooftheday/plasma-photooftheday-2.1.1.ebuild
✔️  Updated EAPI in /home/ben/Desktop/kde-sunset/kde-misc/krunner-kopete-contacts/krunner-kopete-contacts-0.4.ebuild
✔️  Updated EAPI in /home/ben/Desktop/kde-sunset/kde-misc/kvkbd/kvkbd-0.6-r1.ebuild
✔️  Updated EAPI in /home/ben/Desktop/kde-sunset/kde-misc/smooth-tasks/smooth-tasks-0_p20120130.ebuild
✔️  Updated EAPI in /home/ben/Desktop/kde-sunset/kde-misc/kaptain/kaptain-0.73.ebuild
✔️  Updated EAPI in /home/ben/Desktop/kde-sunset/kde-misc/plasma-wifi/plasma-wifi-0.5-r1.ebuild
✔️  Updated EAPI in /home/ben/Desktop/kde-sunset/kde-misc/adjustableclock/adjustableclock-4.1.4.ebuild
✔️  Updated EAPI in /home/ben/Desktop/kde-sunset/kde-misc/krunner-googletranslate/krunner-googletranslate-0.1.ebuild
✔️  Updated EAPI in /home/ben/Desktop/kde-sunset/kde-misc/chromi/chromi-0.2_p20141209.ebuild
✔️  Updated EAPI in /home/ben/Desktop/kde-sunset/kde-misc/rsibreak/rsibreak-0.11-r1.ebuild
✔️  Updated EAPI in /home/ben/Desktop/kde-sunset/kde-misc/kcm-grub2/kcm-grub2-0.6.4-r2.ebuild
✔️  Updated EAPI in /home/ben/Desktop/kde-sunset/kde-misc/kraidmonitor/kraidmonitor-0.5.ebuild
✔️  Updated EAPI in /home/ben/Desktop/kde-sunset/kde-misc/fancytasks/fancytasks-1.1.2-r1.ebuild
✔️  Updated EAPI in /home/ben/Desktop/kde-sunset/kde-misc/kcm-touchpad/kcm-touchpad-1.1.ebuild
✔️  Updated EAPI in /home/ben/Desktop/kde-sunset/kde-misc/homerun/homerun-1.2.5.ebuild
✔️  Updated EAPI in /home/ben/Desktop/kde-sunset/kde-misc/krename/krename-4.0.9-r4.ebuild
✔️  Updated EAPI in /home/ben/Desktop/kde-sunset/kde-misc/basket/basket-1.81.ebuild
✔️  Updated EAPI in /home/ben/Desktop/kde-sunset/kde-misc/plasma-widget-menubar/plasma-widget-menubar-0.2.0.ebuild
✔️  Updated EAPI in /home/ben/Desktop/kde-sunset/kde-misc/drop2ftp/drop2ftp-0.6.ebuild
✔️  Updated EAPI in /home/ben/Desktop/kde-sunset/kde-misc/hdaps_monitor/hdaps_monitor-0.3-r1.ebuild
✔️  Updated EAPI in /home/ben/Desktop/kde-sunset/kde-misc/gx-mail-notify/gx-mail-notify-0.4.4.ebuild
✔️  Updated EAPI in /home/ben/Desktop/kde-sunset/kde-misc/serverstatuswidget/serverstatuswidget-1.5.1.ebuild
✔️  Updated EAPI in /home/ben/Desktop/kde-sunset/kde-misc/kio-locate/kio-locate-0.5.3.ebuild
✔️  Updated EAPI in /home/ben/Desktop/kde-sunset/kde-misc/ktrafficanalyzer/ktrafficanalyzer-0.5.4.1.ebuild
✔️  Updated EAPI in /home/ben/Desktop/kde-sunset/kde-misc/stdin-plasmoid/stdin-plasmoid-0.2_beta1.ebuild
✔️  Updated EAPI in /home/ben/Desktop/kde-sunset/kde-misc/geekclock/geekclock-1.0.ebuild
✔️  Updated EAPI in /home/ben/Desktop/kde-sunset/kde-misc/kshutdown/kshutdown-3.2.ebuild
✔️  Updated EAPI in /home/ben/Desktop/kde-sunset/kde-misc/miniplayer/miniplayer-2.5-r1.ebuild
✔️  Updated EAPI in /home/ben/Desktop/kde-sunset/kde-misc/kdiff3/kdiff3-0.9.98-r1.ebuild
✔️  Updated EAPI in /home/ben/Desktop/kde-sunset/kde-misc/kcometen4/kcometen4-1.0.8.ebuild
✔️  Updated EAPI in /home/ben/Desktop/kde-sunset/kde-misc/tellico/tellico-2.3.11.ebuild
✔️  Updated EAPI in /home/ben/Desktop/kde-sunset/kde-misc/stock-quote/stock-quote-2.1-r2.ebuild
✔️  Updated EAPI in /home/ben/Desktop/kde-sunset/kde-misc/quadkonsole/quadkonsole-0.4.4-r1.ebuild
✔️  Updated EAPI in /home/ben/Desktop/kde-sunset/kde-misc/kover/kover-6.ebuild
✔️  Updated EAPI in /home/ben/Desktop/kde-sunset/kde-misc/kimtoy/kimtoy-1.8.ebuild
✔️  Updated EAPI in /home/ben/Desktop/kde-sunset/kde-misc/plasma-applet-daisy/plasma-applet-daisy-0.0.4.26-r1.ebuild
✔️  Updated EAPI in /home/ben/Desktop/kde-sunset/kde-misc/networkmanagement/networkmanagement-0.9.0.12.ebuild
✔️  Updated EAPI in /home/ben/Desktop/kde-sunset/kde-misc/eventlist/eventlist-0.6-r1.ebuild
✔️  Updated EAPI in /home/ben/Desktop/kde-sunset/kde-misc/krecipes/krecipes-2.0.0.ebuild
✔️  Updated EAPI in /home/ben/Desktop/kde-sunset/kde-misc/kcollectd/kcollectd-0.9-r1.ebuild
✔️  Updated EAPI in /home/ben/Desktop/kde-sunset/kde-misc/kdesudo/kdesudo-3.4.2.4-r1.ebuild
✔️  Updated EAPI in /home/ben/Desktop/kde-sunset/app-portage/kuroo/kuroo-0.90.5.ebuild
✔️  Updated EAPI in /home/ben/Desktop/kde-sunset/dev-util/kdevelop-qmljs/kdevelop-qmljs-1.7.0.ebuild
✔️  Updated EAPI in /home/ben/Desktop/kde-sunset/dev-util/kdevelop/kdevelop-4.7.4.ebuild
✔️  Updated EAPI in /home/ben/Desktop/kde-sunset/dev-util/kdevelop-php-docs/kdevelop-php-docs-1.7.4.ebuild
✔️  Updated EAPI in /home/ben/Desktop/kde-sunset/dev-util/kdevelop-php/kdevelop-php-1.7.4.ebuild
✔️  Updated EAPI in /home/ben/Desktop/kde-sunset/dev-util/kdevplatform/kdevplatform-1.7.4.ebuild
✔️  Updated EAPI in /home/ben/Desktop/kde-sunset/dev-util/automoc/automoc-0.9.88-r1.ebuild
✔️  Updated EAPI in /home/ben/Desktop/kde-sunset/dev-util/kscope/kscope-1.9.4-r3.ebuild
✔️  Updated EAPI in /home/ben/Desktop/kde-sunset/dev-util/kdevelop-qmake/kdevelop-qmake-1.7.0_p20140124.ebuild
✔️  Updated EAPI in /home/ben/Desktop/kde-sunset/dev-util/beediff/beediff-1.9.ebuild
✔️  Updated EAPI in /home/ben/Desktop/kde-sunset/dev-util/kdevelop-pg-qt/kdevelop-pg-qt-1.1.0_p20150726.ebuild
✔️  Updated EAPI in /home/ben/Desktop/kde-sunset/dev-util/kdbg/kdbg-2.9.1.ebuild
✔️  Updated EAPI in /home/ben/Desktop/kde-sunset/dev-util/kdevelop-python/kdevelop-python-1.7.4.ebuild
✔️  Updated EAPI in /home/ben/Desktop/kde-sunset/dev-cpp/eigen/eigen-2.0.17.ebuild
✔️  Updated EAPI in /home/ben/Desktop/kde-sunset/app-mobilephone/past/past-0.0.4.ebuild
✔️  Updated EAPI in /home/ben/Desktop/kde-sunset/app-crypt/qca/qca-2.2.1.ebuild
✔️  Updated EAPI in /home/ben/Desktop/kde-sunset/media-video/loopy/loopy-0.5.3.ebuild
✔️  Updated EAPI in /home/ben/Desktop/kde-sunset/media-video/kaffeine/kaffeine-1.3.1.ebuild
✔️  Updated EAPI in /home/ben/Desktop/kde-sunset/media-video/kmplayer/kmplayer-0.11.5.ebuild
✔️  Updated EAPI in /home/ben/Desktop/kde-sunset/media-video/subtitlecomposer/subtitlecomposer-0.5.6.ebuild
✔️  Updated EAPI in /home/ben/Desktop/kde-sunset/sci-astronomy/kstars/kstars-4.14.3-r1.ebuild
✔️  Updated EAPI in /home/ben/Desktop/kde-sunset/x11-misc/launchy/launchy-2.5-r1.ebuild
✔️  Updated EAPI in /home/ben/Desktop/kde-sunset/x11-misc/appmenu-qt/appmenu-qt-0.2.6.ebuild
✔️  Updated EAPI in /home/ben/Desktop/kde-sunset/x11-misc/ptbatterysystemtray/ptbatterysystemtray-1.0.0_rc2.ebuild
✔️  Updated EAPI in /home/ben/Desktop/kde-sunset/x11-misc/wmiface/wmiface-2.1.ebuild
✔️  Updated EAPI in /home/ben/Desktop/kde-sunset/x11-misc/touchfreeze/touchfreeze-0.2.5-r2.ebuild
✔️  Updated EAPI in /home/ben/Desktop/kde-sunset/dev-vcs/qgit/qgit-2.9.ebuild
✔️  Updated EAPI in /home/ben/Desktop/kde-sunset/dev-vcs/kdesvn/kdesvn-1.7.0.ebuild
✔️  Updated EAPI in /home/ben/Desktop/kde-sunset/mail-client/kbiff/kbiff-4.0.ebuild
✔️  Updated EAPI in /home/ben/Desktop/kde-sunset/dev-db/dbmodel/dbmodel-0.3.ebuild
✔️  Updated EAPI in /home/ben/Desktop/kde-sunset/net-misc/netfleet/netfleet-0.2.1-r2.ebuild
✔️  Updated EAPI in /home/ben/Desktop/kde-sunset/net-misc/knemo/knemo-0.7.7.ebuild
✔️  Updated EAPI in /home/ben/Desktop/kde-sunset/net-misc/smb4k/smb4k-1.2.3-r1.ebuild
✔️  Updated EAPI in /home/ben/Desktop/kde-sunset/net-misc/knutclient/knutclient-1.0.5.ebuild
✔️  Updated EAPI in /home/ben/Desktop/kde-sunset/net-ftp/qshare/qshare-2.1.5-r1.ebuild
✔️  Updated EAPI in /home/ben/Desktop/kde-sunset/media-sound/kmid/kmid-2.4.0-r1.ebuild
✔️  Updated EAPI in /home/ben/Desktop/kde-sunset/media-sound/amarok/amarok-2.8.90-r5.ebuild
✔️  Updated EAPI in /home/ben/Desktop/kde-sunset/media-sound/kradio/kradio-4.0.8.ebuild
✔️  Updated EAPI in /home/ben/Desktop/kde-sunset/media-sound/kenvy24/kenvy24-1.2.ebuild
✔️  Updated EAPI in /home/ben/Desktop/kde-sunset/media-sound/konvertible/konvertible-1.0.1.ebuild
✔️  Updated EAPI in /home/ben/Desktop/kde-sunset/media-sound/waheela/waheela-0.3.ebuild
✔️  Updated EAPI in /home/ben/Desktop/kde-sunset/media-sound/mp3diags/mp3diags-1.2.03-r1.ebuild
✔️  Updated EAPI in /home/ben/Desktop/kde-sunset/media-sound/k4guitune/k4guitune-1.1.1.ebuild
✔️  Updated EAPI in /home/ben/Desktop/kde-sunset/media-sound/drumstick/drumstick-0.5.0.ebuild
✔️  Updated EAPI in /home/ben/Desktop/kde-sunset/media-sound/kstreamripper/kstreamripper-0.7.100-r2.ebuild
✔️  Updated EAPI in /home/ben/Desktop/kde-sunset/media-sound/kmidimon/kmidimon-0.7.5.ebuild
✔️  Updated EAPI in /home/ben/Desktop/kde-sunset/net-dns/avahi/avahi-0.8-r2.ebuild
✔️  Updated EAPI in /home/ben/Desktop/kde-sunset/net-dns/cagibi/cagibi-0.2.0.ebuild
✔️  Updated EAPI in /home/ben/Desktop/kde-sunset/kde-base/smokeqt/smokeqt-4.14.3-r1.ebuild
✔️  Updated EAPI in /home/ben/Desktop/kde-sunset/kde-base/kde1-kdebase/kde1-kdebase-9999.ebuild
✔️  Updated EAPI in /home/ben/Desktop/kde-sunset/kde-base/krossjava/krossjava-4.14.3.ebuild
✔️  Updated EAPI in /home/ben/Desktop/kde-sunset/kde-base/qyoto/qyoto-4.14.3.ebuild
✔️  Updated EAPI in /home/ben/Desktop/kde-sunset/kde-base/perlqt/perlqt-4.14.3.ebuild
✔️  Updated EAPI in /home/ben/Desktop/kde-sunset/kde-base/kimono/kimono-4.14.3.ebuild
✔️  Updated EAPI in /home/ben/Desktop/kde-sunset/kde-base/smokegen/smokegen-4.14.3.ebuild
✔️  Updated EAPI in /home/ben/Desktop/kde-sunset/kde-base/smokekde/smokekde-4.14.3.ebuild
✔️  Updated EAPI in /home/ben/Desktop/kde-sunset/kde-base/kde1-kdelibs/kde1-kdelibs-9999.ebuild
✔️  Updated EAPI in /home/ben/Desktop/kde-sunset/kde-base/perlkde/perlkde-4.14.3.ebuild
✔️  Updated EAPI in /home/ben/Desktop/kde-sunset/net-libs/libbluedevil/libbluedevil-2.1.ebuild
✔️  Updated EAPI in /home/ben/Desktop/kde-sunset/net-libs/libnm-qt/libnm-qt-0.9.8.4.ebuild
✔️  Updated EAPI in /home/ben/Desktop/kde-sunset/net-libs/libmm-qt/libmm-qt-1.0.1-r1.ebuild
✔️  Updated EAPI in /home/ben/Desktop/kde-sunset/net-libs/ccrtp/ccrtp-2.1.2.ebuild
✔️  Updated EAPI in /home/ben/Desktop/kde-sunset/net-libs/telepathy-qt/telepathy-qt-0.9.7-r1.ebuild
✔️  Updated EAPI in /home/ben/Desktop/kde-sunset/net-libs/libktorrent/libktorrent-1.3.1.ebuild
✔️  Updated EAPI in /home/ben/Desktop/kde-sunset/media-gfx/kfax/kfax-3.3.6-r1.ebuild
✔️  Updated EAPI in /home/ben/Desktop/kde-sunset/media-gfx/pictureflow/pictureflow-0.1.0_p20080214.ebuild
✔️  Updated EAPI in /home/ben/Desktop/kde-sunset/app-text/kjots/kjots-4.14.11_pre20160611.ebuild
✔️  Updated EAPI in /home/ben/Desktop/kde-sunset/app-text/yagf/yagf-0.9.5.ebuild
✔️  Updated EAPI in /home/ben/Desktop/kde-sunset/app-text/kchmviewer/kchmviewer-6.0-r1.ebuild
✔️  Updated EAPI in /home/ben/Desktop/kde-sunset/app-text/kding/kding-0.6-r3.ebuild
✔️  Updated EAPI in /home/ben/Desktop/kde-sunset/app-text/tuxcards/tuxcards-2.2.1-r1.ebuild
✔️  Updated EAPI in /home/ben/Desktop/kde-sunset/app-text/poppler/poppler-0.61.1-r1.ebuild
✔️  Updated EAPI in /home/ben/Desktop/kde-sunset/sci-electronics/qucs/qucs-0.0.18.ebuild
✔️  Updated EAPI in /home/ben/Desktop/kde-sunset/net-nntp/kwooty/kwooty-1.1.0.ebuild
✔️  Updated EAPI in /home/ben/Desktop/kde-sunset/app-dicts/qvortaro/qvortaro-0.4.1.ebuild
✔️  Updated EAPI in /home/ben/Desktop/kde-sunset/dev-libs/qjson/qjson-0.9.0.ebuild
✔️  Updated EAPI in /home/ben/Desktop/kde-sunset/dev-libs/grantlee/grantlee-0.4.0.ebuild
✔️  Updated EAPI in /home/ben/Desktop/kde-sunset/dev-libs/libattica/libattica-0.4.2.ebuild
✔️  Updated EAPI in /home/ben/Desktop/kde-sunset/dev-libs/libdbusmenu-qt/libdbusmenu-qt-0.9.3_pre20160218-r3.ebuild
✔️  Updated EAPI in /home/ben/Desktop/kde-sunset/dev-libs/libindicate-qt/libindicate-qt-0.2.5.91.ebuild
✔️  Updated EAPI in /home/ben/Desktop/kde-sunset/net-p2p/kmldonkey/kmldonkey-2.0.7.ebuild
✔️  Updated EAPI in /home/ben/Desktop/kde-sunset/net-p2p/ktorrent/ktorrent-4.3.1-r1.ebuild
✔️  Updated EAPI in /home/ben/Desktop/kde-sunset/sci-misc/qcad/qcad-3.21.2.0.ebuild
✔️  Updated EAPI in /home/ben/Desktop/kde-sunset/sci-visualization/xds-viewer/xds-viewer-0.6-r1.ebuild
✔️  Updated EAPI in /home/ben/Desktop/kde-sunset/sci-geosciences/gebabbel/gebabbel-0.4.ebuild
✔️  Updated EAPI in /home/ben/Desktop/kde-sunset/app-eselect/eselect-qtgraphicssystem/eselect-qtgraphicssystem-1.1.1.ebuild
✔️  Updated EAPI in /home/ben/Desktop/kde-sunset/app-backup/qt4-fsarchiver/qt4-fsarchiver-0.6.19.7.ebuild
✔️  Updated EAPI in /home/ben/Desktop/kde-sunset/sys-libs/gwenhywfar/gwenhywfar-4.20.0.ebuild
✔️  Updated EAPI in /home/ben/Desktop/kde-sunset/x11-libs/libsynaptics/libsynaptics-0.14.6c.ebuild
✔️  Updated EAPI in /home/ben/Desktop/kde-sunset/x11-libs/qwt/qwt-5.2.3-r2.ebuild
✔️  Updated EAPI in /home/ben/Desktop/kde-sunset/x11-libs/qscintilla/qscintilla-2.4-r2.ebuild
✔️  Updated EAPI in /home/ben/Desktop/kde-sunset/x11-libs/qtscriptgenerator/qtscriptgenerator-0.2.0-r1.ebuild
✔️  Updated EAPI in /home/ben/Desktop/kde-sunset/kde-plasma/kephal/kephal-4.11.22.ebuild
✔️  Updated EAPI in /home/ben/Desktop/kde-sunset/kde-plasma/libkscreen/libkscreen-1.0.5_p20150727.ebuild
✔️  Updated EAPI in /home/ben/Desktop/kde-sunset/kde-plasma/kwrited/kwrited-4.11.22.ebuild
✔️  Updated EAPI in /home/ben/Desktop/kde-sunset/kde-plasma/klipper/klipper-4.11.22.ebuild
✔️  Updated EAPI in /home/ben/Desktop/kde-sunset/kde-plasma/kwin/kwin-4.11.22.ebuild
✔️  Updated EAPI in /home/ben/Desktop/kde-sunset/kde-plasma/kstartupconfig/kstartupconfig-4.11.22.ebuild
✔️  Updated EAPI in /home/ben/Desktop/kde-sunset/kde-plasma/kgamma/kgamma-4.14.3.ebuild
✔️  Updated EAPI in /home/ben/Desktop/kde-sunset/kde-plasma/ksysguard/ksysguard-4.11.22.ebuild
✔️  Updated EAPI in /home/ben/Desktop/kde-sunset/kde-plasma/kcminit/kcminit-4.11.22.ebuild
✔️  Updated EAPI in /home/ben/Desktop/kde-sunset/kde-plasma/libtaskmanager/libtaskmanager-4.11.22.ebuild
✔️  Updated EAPI in /home/ben/Desktop/kde-sunset/kde-plasma/kdebase-cursors/kdebase-cursors-4.11.22.ebuild
✔️  Updated EAPI in /home/ben/Desktop/kde-sunset/kde-plasma/ksmserver/ksmserver-4.11.22.ebuild
✔️  Updated EAPI in /home/ben/Desktop/kde-sunset/kde-plasma/drkonqi/drkonqi-16.04.3.ebuild
✔️  Updated EAPI in /home/ben/Desktop/kde-sunset/kde-plasma/drkonqi/drkonqi-4.14.3.ebuild
✔️  Updated EAPI in /home/ben/Desktop/kde-sunset/kde-plasma/kscreensaver/kscreensaver-4.11.22.ebuild
✔️  Updated EAPI in /home/ben/Desktop/kde-sunset/kde-plasma/kdeplasma-addons/kdeplasma-addons-4.14.3-r1.ebuild
✔️  Updated EAPI in /home/ben/Desktop/kde-sunset/kde-plasma/plasma-nm/plasma-nm-0.9.3.6.ebuild
✔️  Updated EAPI in /home/ben/Desktop/kde-sunset/kde-plasma/kstyles/kstyles-4.11.22.ebuild
✔️  Updated EAPI in /home/ben/Desktop/kde-sunset/kde-plasma/powerdevil/powerdevil-4.11.22.ebuild
✔️  Updated EAPI in /home/ben/Desktop/kde-sunset/kde-plasma/kdebase-pam/kdebase-pam-10.ebuild
✔️  Updated EAPI in /home/ben/Desktop/kde-sunset/kde-plasma/khotkeys/khotkeys-4.11.22.ebuild
✔️  Updated EAPI in /home/ben/Desktop/kde-sunset/kde-plasma/libplasmaclock/libplasmaclock-4.11.22.ebuild
✔️  Updated EAPI in /home/ben/Desktop/kde-sunset/kde-plasma/ksplash/ksplash-4.11.22.ebuild
✔️  Updated EAPI in /home/ben/Desktop/kde-sunset/kde-plasma/ksshaskpass/ksshaskpass-0.5.3-r1.ebuild
✔️  Updated EAPI in /home/ben/Desktop/kde-sunset/kde-plasma/libkgreeter/libkgreeter-4.11.22.ebuild
✔️  Updated EAPI in /home/ben/Desktop/kde-sunset/kde-plasma/kdm/kdm-4.11.22.ebuild
✔️  Updated EAPI in /home/ben/Desktop/kde-sunset/kde-plasma/kde-gtk-config/kde-gtk-config-2.2.1.ebuild
✔️  Updated EAPI in /home/ben/Desktop/kde-sunset/kde-plasma/systemsettings/systemsettings-4.11.22-r2.ebuild
✔️  Updated EAPI in /home/ben/Desktop/kde-sunset/kde-plasma/freespacenotifier/freespacenotifier-4.11.22.ebuild
✔️  Updated EAPI in /home/ben/Desktop/kde-sunset/kde-plasma/plasma-workspace/plasma-workspace-4.11.22.ebuild
✔️  Updated EAPI in /home/ben/Desktop/kde-sunset/kde-plasma/krunner/krunner-4.11.22.ebuild
✔️  Updated EAPI in /home/ben/Desktop/kde-sunset/kde-plasma/kscreen/kscreen-1.0.71_p20170916.ebuild
✔️  Updated EAPI in /home/ben/Desktop/kde-sunset/kde-plasma/libkworkspace/libkworkspace-4.11.22.ebuild
✔️  Updated EAPI in /home/ben/Desktop/kde-sunset/kde-plasma/polkit-kde-agent/polkit-kde-agent-0.99.1-r1.ebuild
✔️  Updated EAPI in /home/ben/Desktop/kde-sunset/kde-plasma/milou/milou-0.1.ebuild
✔️  Updated EAPI in /home/ben/Desktop/kde-sunset/kde-plasma/ksystraycmd/ksystraycmd-4.11.22.ebuild
✔️  Updated EAPI in /home/ben/Desktop/kde-sunset/kde-plasma/solid-actions-kcm/solid-actions-kcm-4.11.22.ebuild
✔️  Updated EAPI in /home/ben/Desktop/kde-sunset/kde-plasma/bluedevil/bluedevil-2.1.1.ebuild
✔️  Updated EAPI in /home/ben/Desktop/kde-sunset/kde-plasma/libplasmagenericshell/libplasmagenericshell-4.11.22.ebuild
✔️  Updated EAPI in /home/ben/Desktop/kde-sunset/kde-plasma/qguiplatformplugin_kde/qguiplatformplugin_kde-4.11.22.ebuild
✔️  Updated EAPI in /home/ben/Desktop/kde-sunset/kde-plasma/liboxygenstyle/liboxygenstyle-4.11.22.ebuild
✔️  Updated EAPI in /home/ben/Desktop/kde-sunset/kde-plasma/kmenuedit/kmenuedit-4.11.22.ebuild
✔️  Updated EAPI in /home/ben/Desktop/kde-sunset/kde-plasma/kinfocenter/kinfocenter-4.11.22.ebuild
✔️  Updated EAPI in /home/ben/Desktop/kde-sunset/kde-plasma/kcheckpass/kcheckpass-4.11.22-r1.ebuild
✔️  Updated EAPI in /home/ben/Desktop/kde-sunset/kde-plasma/kactivitymanagerd/kactivitymanagerd-4.13.3-r1.ebuild
✔️  Updated EAPI in /home/ben/Desktop/kde-sunset/kde-plasma/kdebase-startkde/kdebase-startkde-4.11.22-r2.ebuild
✔️  Updated EAPI in /home/ben/Desktop/kde-sunset/sys-auth/polkit-qt/polkit-qt-0.112.0_p20190531.ebuild
✔️  Updated EAPI in /home/ben/Desktop/kde-sunset/app-i18n/ibus-qt/ibus-qt-1.3.3.ebuild
✔️  Updated EAPI in /home/ben/Desktop/kde-sunset/kde-frameworks/kfilemetadata/kfilemetadata-4.14.3.ebuild
✔️  Updated EAPI in /home/ben/Desktop/kde-sunset/kde-frameworks/kdelibs-env/kdelibs-env-4.14.3.ebuild
✔️  Updated EAPI in /home/ben/Desktop/kde-sunset/kde-frameworks/baloo/baloo-4.14.3_p20161017.ebuild
✔️  Updated EAPI in /home/ben/Desktop/kde-sunset/kde-frameworks/kactivities/kactivities-4.13.3-r2.ebuild
✔️  Updated EAPI in /home/ben/Desktop/kde-sunset/kde-frameworks/prison/prison-1.1.1.ebuild
✔️  Updated EAPI in /home/ben/Desktop/kde-sunset/kde-frameworks/kdelibs/kdelibs-4.14.38-r1.ebuild
✔️  Updated EAPI in /home/ben/Desktop/kde-sunset/kde-frameworks/kdelibs/kdelibs-4.14.37.ebuild
✔️  Updated EAPI in /home/ben/Desktop/kde-sunset/dev-qt/qtscript/qtscript-4.8.7.ebuild
✔️  Updated EAPI in /home/ben/Desktop/kde-sunset/dev-qt/qtmultimedia/qtmultimedia-4.8.7.ebuild
✔️  Updated EAPI in /home/ben/Desktop/kde-sunset/dev-qt/qttest/qttest-4.8.7.ebuild
✔️  Updated EAPI in /home/ben/Desktop/kde-sunset/dev-qt/qt-meta/qt-meta-4.8.6.ebuild
✔️  Updated EAPI in /home/ben/Desktop/kde-sunset/dev-qt/assistant/assistant-4.8.7.ebuild
✔️  Updated EAPI in /home/ben/Desktop/kde-sunset/dev-qt/qthelp/qthelp-4.8.7.ebuild
✔️  Updated EAPI in /home/ben/Desktop/kde-sunset/dev-qt/qtbearer/qtbearer-4.8.7.ebuild
✔️  Updated EAPI in /home/ben/Desktop/kde-sunset/dev-qt/qtxmlpatterns/qtxmlpatterns-4.8.7.ebuild
✔️  Updated EAPI in /home/ben/Desktop/kde-sunset/dev-qt/qtopengl/qtopengl-4.8.7.ebuild
✔️  Updated EAPI in /home/ben/Desktop/kde-sunset/dev-qt/designer/designer-4.8.7.ebuild
✔️  Updated EAPI in /home/ben/Desktop/kde-sunset/dev-qt/qtwebkit/qtwebkit-4.10.4.ebuild
✔️  Updated EAPI in /home/ben/Desktop/kde-sunset/dev-qt/qtdeclarative/qtdeclarative-4.8.7.ebuild
✔️  Updated EAPI in /home/ben/Desktop/kde-sunset/dev-qt/qtsql/qtsql-4.8.7-r1.ebuild
✔️  Updated EAPI in /home/ben/Desktop/kde-sunset/dev-qt/linguist/linguist-4.8.7.ebuild
✔️  Updated EAPI in /home/ben/Desktop/kde-sunset/dev-qt/qdbusviewer/qdbusviewer-4.8.7.ebuild
✔️  Updated EAPI in /home/ben/Desktop/kde-sunset/dev-qt/qttranslations/qttranslations-4.8.7.ebuild
✔️  Updated EAPI in /home/ben/Desktop/kde-sunset/dev-qt/qt1/qt1-9999.ebuild
✔️  Updated EAPI in /home/ben/Desktop/kde-sunset/dev-qt/qt3support/qt3support-4.8.7.ebuild
✔️  Updated EAPI in /home/ben/Desktop/kde-sunset/dev-qt/qtdbus/qtdbus-4.8.7.ebuild
✔️  Updated EAPI in /home/ben/Desktop/kde-sunset/dev-qt/qtgui/qtgui-4.8.7.ebuild
✔️  Updated EAPI in /home/ben/Desktop/kde-sunset/dev-qt/qtsvg/qtsvg-4.8.7.ebuild
✔️  Updated EAPI in /home/ben/Desktop/kde-sunset/dev-qt/qtdemo/qtdemo-4.8.7.ebuild
✔️  Updated EAPI in /home/ben/Desktop/kde-sunset/dev-qt/pixeltool/pixeltool-4.8.7.ebuild
✔️  Updated EAPI in /home/ben/Desktop/kde-sunset/dev-qt/qtcore/qtcore-4.8.7-r4.ebuild
✔️  Updated EAPI in /home/ben/Desktop/kde-sunset/games-kids/crayon-physics/crayon-physics-55-r1.ebuild
✔️  Updated EAPI in /home/ben/Desktop/kde-sunset/media-libs/phonon-vlc/phonon-vlc-0.10.2.ebuild
✔️  Updated EAPI in /home/ben/Desktop/kde-sunset/media-libs/liblastfm/liblastfm-1.1.0_pre20150206-r1.ebuild
✔️  Updated EAPI in /home/ben/Desktop/kde-sunset/media-libs/qt-gstreamer/qt-gstreamer-1.2.0-r3.ebuild
✔️  Updated EAPI in /home/ben/Desktop/kde-sunset/media-libs/phonon/phonon-4.10.2.ebuild
✔️  Updated EAPI in /home/ben/Desktop/kde-sunset/media-libs/qimageblitz/qimageblitz-0.0.6_p20131029.ebuild
✔️  Updated EAPI in /home/ben/Desktop/kde-sunset/media-libs/phonon-gstreamer/phonon-gstreamer-4.9.0-r3.ebuild
✔️  Updated EAPI in /home/ben/Desktop/kde-sunset/media-libs/SoQt/SoQt-1.4.1.ebuild
✔️  Updated EAPI in /home/ben/Desktop/kde-sunset/sys-kernel/kccmp/kccmp-0.3.ebuild
✔️  Updated EAPI in /home/ben/Desktop/kde-sunset/x11-themes/skulpture/skulpture-0.2.4_p20120822.ebuild
✔️  Updated EAPI in /home/ben/Desktop/kde-sunset/x11-themes/smaragd/smaragd-0.0.8.ebuild
✔️  Updated EAPI in /home/ben/Desktop/kde-sunset/x11-themes/dekorator/dekorator-0.5.1-r1.ebuild
✔️  Updated EAPI in /home/ben/Desktop/kde-sunset/x11-themes/qtcurve/qtcurve-1.9.0-r1.ebuild
✔️  Updated EAPI in /home/ben/Desktop/kde-sunset/kde-apps/kbounce/kbounce-4.14.3.ebuild
✔️  Updated EAPI in /home/ben/Desktop/kde-sunset/kde-apps/kdebase-data/kdebase-data-4.14.3-r1.ebuild
✔️  Updated EAPI in /home/ben/Desktop/kde-sunset/kde-apps/kdebase-data/kdebase-data-16.04.3.ebuild
✔️  Updated EAPI in /home/ben/Desktop/kde-sunset/kde-apps/kaddressbook/kaddressbook-4.14.11_pre20160611.ebuild
✔️  Updated EAPI in /home/ben/Desktop/kde-sunset/kde-apps/kmimetypefinder/kmimetypefinder-4.14.3.ebuild
✔️  Updated EAPI in /home/ben/Desktop/kde-sunset/kde-apps/kmimetypefinder/kmimetypefinder-16.04.3.ebuild
✔️  Updated EAPI in /home/ben/Desktop/kde-sunset/kde-apps/kanagram/kanagram-4.14.3.ebuild
✔️  Updated EAPI in /home/ben/Desktop/kde-sunset/kde-apps/kmplot/kmplot-4.14.3.ebuild
✔️  Updated EAPI in /home/ben/Desktop/kde-sunset/kde-apps/krfb/krfb-4.14.3-r1.ebuild
✔️  Updated EAPI in /home/ben/Desktop/kde-sunset/kde-apps/konqueror/konqueror-4.14.3.ebuild
✔️  Updated EAPI in /home/ben/Desktop/kde-sunset/kde-apps/konsolepart/konsolepart-4.14.3.ebuild
✔️  Updated EAPI in /home/ben/Desktop/kde-sunset/kde-apps/kapptemplate/kapptemplate-4.14.3.ebuild
✔️  Updated EAPI in /home/ben/Desktop/kde-sunset/kde-apps/kmines/kmines-4.14.3.ebuild
✔️  Updated EAPI in /home/ben/Desktop/kde-sunset/kde-apps/kwrite/kwrite-4.14.3.ebuild
✔️  Updated EAPI in /home/ben/Desktop/kde-sunset/kde-apps/kcalc/kcalc-4.14.3.ebuild
✔️  Updated EAPI in /home/ben/Desktop/kde-sunset/kde-apps/kompare/kompare-4.14.3.ebuild
✔️  Updated EAPI in /home/ben/Desktop/kde-sunset/kde-apps/kfourinline/kfourinline-4.14.3.ebuild
✔️  Updated EAPI in /home/ben/Desktop/kde-sunset/kde-apps/kdegraphics-meta/kdegraphics-meta-4.14.3.ebuild
✔️  Updated EAPI in /home/ben/Desktop/kde-sunset/kde-apps/kfind/kfind-4.14.3.ebuild
✔️  Updated EAPI in /home/ben/Desktop/kde-sunset/kde-apps/kdf/kdf-4.14.3.ebuild
✔️  Updated EAPI in /home/ben/Desktop/kde-sunset/kde-apps/keditbookmarks/keditbookmarks-4.14.3.ebuild
✔️  Updated EAPI in /home/ben/Desktop/kde-sunset/kde-apps/kdeartwork-emoticons/kdeartwork-emoticons-15.08.3.ebuild
✔️  Updated EAPI in /home/ben/Desktop/kde-sunset/kde-apps/kdeartwork-emoticons/kdeartwork-emoticons-4.14.3.ebuild
✔️  Updated EAPI in /home/ben/Desktop/kde-sunset/kde-apps/kamera/kamera-4.14.3.ebuild
✔️  Updated EAPI in /home/ben/Desktop/kde-sunset/kde-apps/nsplugins/nsplugins-4.14.3.ebuild
✔️  Updated EAPI in /home/ben/Desktop/kde-sunset/kde-apps/kgeography/kgeography-4.14.3.ebuild
✔️  Updated EAPI in /home/ben/Desktop/kde-sunset/kde-apps/kdeadmin-meta/kdeadmin-meta-4.14.3.ebuild
✔️  Updated EAPI in /home/ben/Desktop/kde-sunset/kde-apps/kimgio/kimgio-4.14.3.ebuild
✔️  Updated EAPI in /home/ben/Desktop/kde-sunset/kde-apps/kimgio/kimgio-16.04.3.ebuild
✔️  Updated EAPI in /home/ben/Desktop/kde-sunset/kde-apps/kdebugdialog/kdebugdialog-16.04.3.ebuild
✔️  Updated EAPI in /home/ben/Desktop/kde-sunset/kde-apps/kdebugdialog/kdebugdialog-4.14.3.ebuild
✔️  Updated EAPI in /home/ben/Desktop/kde-sunset/kde-apps/kgoldrunner/kgoldrunner-4.14.3.ebuild
✔️  Updated EAPI in /home/ben/Desktop/kde-sunset/kde-apps/kcmshell/kcmshell-4.14.3.ebuild
✔️  Updated EAPI in /home/ben/Desktop/kde-sunset/kde-apps/kcmshell/kcmshell-16.04.3.ebuild
✔️  Updated EAPI in /home/ben/Desktop/kde-sunset/kde-apps/kdeartwork-iconthemes/kdeartwork-iconthemes-15.08.3.ebuild
✔️  Updated EAPI in /home/ben/Desktop/kde-sunset/kde-apps/kdeartwork-iconthemes/kdeartwork-iconthemes-4.14.3.ebuild
✔️  Updated EAPI in /home/ben/Desktop/kde-sunset/kde-apps/kimagemapeditor/kimagemapeditor-4.14.3.ebuild
✔️  Updated EAPI in /home/ben/Desktop/kde-sunset/kde-apps/kdebase-meta/kdebase-meta-4.14.3-r2.ebuild
✔️  Updated EAPI in /home/ben/Desktop/kde-sunset/kde-apps/kdepim-runtime/kdepim-runtime-4.14.11_pre20160211-r1.ebuild
✔️  Updated EAPI in /home/ben/Desktop/kde-sunset/kde-apps/kbreakout/kbreakout-4.14.3.ebuild
✔️  Updated EAPI in /home/ben/Desktop/kde-sunset/kde-apps/blogilo/blogilo-4.14.11_pre20160611.ebuild
✔️  Updated EAPI in /home/ben/Desktop/kde-sunset/kde-apps/kdialog/kdialog-4.14.3.ebuild
✔️  Updated EAPI in /home/ben/Desktop/kde-sunset/kde-apps/kaccessible/kaccessible-4.14.3.ebuild
✔️  Updated EAPI in /home/ben/Desktop/kde-sunset/kde-apps/kdebase-menu-icons/kdebase-menu-icons-16.04.3.ebuild
✔️  Updated EAPI in /home/ben/Desktop/kde-sunset/kde-apps/kdebase-menu-icons/kdebase-menu-icons-4.14.3.ebuild
✔️  Updated EAPI in /home/ben/Desktop/kde-sunset/kde-apps/okular/okular-16.08.3.ebuild
✔️  Updated EAPI in /home/ben/Desktop/kde-sunset/kde-apps/okular/okular-4.14.3.ebuild
✔️  Updated EAPI in /home/ben/Desktop/kde-sunset/kde-apps/pairs/pairs-15.04.3.ebuild
✔️  Updated EAPI in /home/ben/Desktop/kde-sunset/kde-apps/rocs/rocs-4.14.3.ebuild
✔️  Updated EAPI in /home/ben/Desktop/kde-sunset/kde-apps/kfmclient/kfmclient-4.14.3.ebuild
✔️  Updated EAPI in /home/ben/Desktop/kde-sunset/kde-apps/thumbnailers/thumbnailers-15.08.3.ebuild
✔️  Updated EAPI in /home/ben/Desktop/kde-sunset/kde-apps/thumbnailers/thumbnailers-4.14.3.ebuild
✔️  Updated EAPI in /home/ben/Desktop/kde-sunset/kde-apps/phonon-kde/phonon-kde-4.14.3.ebuild
✔️  Updated EAPI in /home/ben/Desktop/kde-sunset/kde-apps/phonon-kde/phonon-kde-16.04.3.ebuild
✔️  Updated EAPI in /home/ben/Desktop/kde-sunset/kde-apps/kdenetwork-meta/kdenetwork-meta-4.14.3.ebuild
✔️  Updated EAPI in /home/ben/Desktop/kde-sunset/kde-apps/konsolekalendar/konsolekalendar-4.14.11_pre20160611.ebuild
✔️  Updated EAPI in /home/ben/Desktop/kde-sunset/kde-apps/keditfiletype/keditfiletype-4.14.3.ebuild
✔️  Updated EAPI in /home/ben/Desktop/kde-sunset/kde-apps/keditfiletype/keditfiletype-16.04.3.ebuild
✔️  Updated EAPI in /home/ben/Desktop/kde-sunset/kde-apps/kleopatra/kleopatra-4.14.11_pre20160611.ebuild
✔️  Updated EAPI in /home/ben/Desktop/kde-sunset/kde-apps/kbruch/kbruch-4.14.3.ebuild
✔️  Updated EAPI in /home/ben/Desktop/kde-sunset/kde-apps/kwalletmanager/kwalletmanager-4.14.3.ebuild
✔️  Updated EAPI in /home/ben/Desktop/kde-sunset/kde-apps/knavalbattle/knavalbattle-4.14.3.ebuild
✔️  Updated EAPI in /home/ben/Desktop/kde-sunset/kde-apps/kdepimlibs/kdepimlibs-4.14.10_p20160611.ebuild
✔️  Updated EAPI in /home/ben/Desktop/kde-sunset/kde-apps/kdepimlibs/kdepimlibs-4.14.11_pre20160611.ebuild
✔️  Updated EAPI in /home/ben/Desktop/kde-sunset/kde-apps/akonadiconsole/akonadiconsole-4.14.11_pre20160611.ebuild
✔️  Updated EAPI in /home/ben/Desktop/kde-sunset/kde-apps/kmouth/kmouth-4.14.3.ebuild
✔️  Updated EAPI in /home/ben/Desktop/kde-sunset/kde-apps/kreadconfig/kreadconfig-4.14.3.ebuild
✔️  Updated EAPI in /home/ben/Desktop/kde-sunset/kde-apps/kreadconfig/kreadconfig-16.04.3.ebuild
✔️  Updated EAPI in /home/ben/Desktop/kde-sunset/kde-apps/calendarjanitor/calendarjanitor-4.14.11_pre20160611.ebuild
✔️  Updated EAPI in /home/ben/Desktop/kde-sunset/kde-apps/kioclient/kioclient-4.14.3.ebuild
✔️  Updated EAPI in /home/ben/Desktop/kde-sunset/kde-apps/kioclient/kioclient-16.04.3.ebuild
✔️  Updated EAPI in /home/ben/Desktop/kde-sunset/kde-apps/bovo/bovo-4.14.3.ebuild
✔️  Updated EAPI in /home/ben/Desktop/kde-sunset/kde-apps/kdeedu-meta/kdeedu-meta-4.14.3.ebuild
✔️  Updated EAPI in /home/ben/Desktop/kde-sunset/kde-apps/kalarm/kalarm-4.14.11_pre20160611.ebuild
✔️  Updated EAPI in /home/ben/Desktop/kde-sunset/kde-apps/juk/juk-4.14.3.ebuild
✔️  Updated EAPI in /home/ben/Desktop/kde-sunset/kde-apps/print-manager/print-manager-4.14.3.ebuild
✔️  Updated EAPI in /home/ben/Desktop/kde-sunset/kde-apps/kuser/kuser-16.08.3.ebuild
✔️  Updated EAPI in /home/ben/Desktop/kde-sunset/kde-apps/kuser/kuser-4.14.3.ebuild
✔️  Updated EAPI in /home/ben/Desktop/kde-sunset/kde-apps/kstart/kstart-4.14.3.ebuild
✔️  Updated EAPI in /home/ben/Desktop/kde-sunset/kde-apps/kstart/kstart-16.04.3.ebuild
✔️  Updated EAPI in /home/ben/Desktop/kde-sunset/kde-apps/kqtquickcharts/kqtquickcharts-4.14.3.ebuild
✔️  Updated EAPI in /home/ben/Desktop/kde-sunset/kde-apps/klettres/klettres-4.14.3.ebuild
✔️  Updated EAPI in /home/ben/Desktop/kde-sunset/kde-apps/knotes/knotes-4.14.11_pre20160611.ebuild
✔️  Updated EAPI in /home/ben/Desktop/kde-sunset/kde-apps/kdebindings-meta/kdebindings-meta-4.14.3.ebuild
✔️  Updated EAPI in /home/ben/Desktop/kde-sunset/kde-apps/kde-base-artwork/kde-base-artwork-4.14.3.ebuild
✔️  Updated EAPI in /home/ben/Desktop/kde-sunset/kde-apps/kde-base-artwork/kde-base-artwork-15.08.3.ebuild
✔️  Updated EAPI in /home/ben/Desktop/kde-sunset/kde-apps/ksudoku/ksudoku-4.14.3.ebuild
✔️  Updated EAPI in /home/ben/Desktop/kde-sunset/kde-apps/klickety/klickety-4.14.3.ebuild
✔️  Updated EAPI in /home/ben/Desktop/kde-sunset/kde-apps/libkdegames/libkdegames-4.14.3-r1.ebuild
✔️  Updated EAPI in /home/ben/Desktop/kde-sunset/kde-apps/kwordquiz/kwordquiz-4.14.3.ebuild
✔️  Updated EAPI in /home/ben/Desktop/kde-sunset/kde-apps/krdc/krdc-4.14.3-r1.ebuild
✔️  Updated EAPI in /home/ben/Desktop/kde-sunset/kde-apps/umbrello/umbrello-4.14.3.ebuild
✔️  Updated EAPI in /home/ben/Desktop/kde-sunset/kde-apps/kblackbox/kblackbox-4.14.3.ebuild
✔️  Updated EAPI in /home/ben/Desktop/kde-sunset/kde-apps/kwalletd/kwalletd-4.14.3-r2.ebuild
✔️  Updated EAPI in /home/ben/Desktop/kde-sunset/kde-apps/kwalletd/kwalletd-16.04.3-r1.ebuild
✔️  Updated EAPI in /home/ben/Desktop/kde-sunset/kde-apps/kmag/kmag-4.14.3.ebuild
✔️  Updated EAPI in /home/ben/Desktop/kde-sunset/kde-apps/kde-dev-utils/kde-dev-utils-4.14.3.ebuild
✔️  Updated EAPI in /home/ben/Desktop/kde-sunset/kde-apps/kdepim-l10n/kdepim-l10n-4.14.3-r1.ebuild
✔️  Updated EAPI in /home/ben/Desktop/kde-sunset/kde-apps/kmail/kmail-4.14.11_pre20160611-r1.ebuild
✔️  Updated EAPI in /home/ben/Desktop/kde-sunset/kde-apps/bomber/bomber-4.14.3.ebuild
✔️  Updated EAPI in /home/ben/Desktop/kde-sunset/kde-apps/granatier/granatier-4.14.3.ebuild
✔️  Updated EAPI in /home/ben/Desktop/kde-sunset/kde-apps/kdebase-desktoptheme/kdebase-desktoptheme-16.04.3.ebuild
✔️  Updated EAPI in /home/ben/Desktop/kde-sunset/kde-apps/kdebase-desktoptheme/kdebase-desktoptheme-4.14.3.ebuild
✔️  Updated EAPI in /home/ben/Desktop/kde-sunset/kde-apps/marble/marble-4.14.3.ebuild
✔️  Updated EAPI in /home/ben/Desktop/kde-sunset/kde-apps/kdebase-runtime-meta/kdebase-runtime-meta-4.14.3.ebuild
✔️  Updated EAPI in /home/ben/Desktop/kde-sunset/kde-apps/kquitapp/kquitapp-4.14.3.ebuild
✔️  Updated EAPI in /home/ben/Desktop/kde-sunset/kde-apps/kquitapp/kquitapp-16.04.3.ebuild
✔️  Updated EAPI in /home/ben/Desktop/kde-sunset/kde-apps/katomic/katomic-4.14.3.ebuild
✔️  Updated EAPI in /home/ben/Desktop/kde-sunset/kde-apps/knewstuff/knewstuff-16.04.3.ebuild
✔️  Updated EAPI in /home/ben/Desktop/kde-sunset/kde-apps/knewstuff/knewstuff-4.14.3.ebuild
✔️  Updated EAPI in /home/ben/Desktop/kde-sunset/kde-apps/kdeaccessibility-meta/kdeaccessibility-meta-4.14.3.ebuild
✔️  Updated EAPI in /home/ben/Desktop/kde-sunset/kde-apps/kdegames-meta/kdegames-meta-4.14.3.ebuild
✔️  Updated EAPI in /home/ben/Desktop/kde-sunset/kde-apps/kremotecontrol/kremotecontrol-4.14.3.ebuild
✔️  Updated EAPI in /home/ben/Desktop/kde-sunset/kde-apps/libkcompactdisc/libkcompactdisc-4.14.3.ebuild
✔️  Updated EAPI in /home/ben/Desktop/kde-sunset/kde-apps/kollision/kollision-4.14.3.ebuild
✔️  Updated EAPI in /home/ben/Desktop/kde-sunset/kde-apps/plasma-apps/plasma-apps-4.14.3.ebuild
✔️  Updated EAPI in /home/ben/Desktop/kde-sunset/kde-apps/libkmahjongg/libkmahjongg-4.14.3.ebuild
✔️  Updated EAPI in /home/ben/Desktop/kde-sunset/kde-apps/kget/kget-4.14.3.ebuild
✔️  Updated EAPI in /home/ben/Desktop/kde-sunset/kde-apps/konq-plugins/konq-plugins-4.14.3-r1.ebuild
✔️  Updated EAPI in /home/ben/Desktop/kde-sunset/kde-apps/kcolorchooser/kcolorchooser-4.14.3.ebuild
✔️  Updated EAPI in /home/ben/Desktop/kde-sunset/kde-apps/kglobalaccel/kglobalaccel-16.04.3.ebuild
✔️  Updated EAPI in /home/ben/Desktop/kde-sunset/kde-apps/kglobalaccel/kglobalaccel-4.14.3.ebuild
✔️  Updated EAPI in /home/ben/Desktop/kde-sunset/kde-apps/kdeartwork-kscreensaver/kdeartwork-kscreensaver-15.08.3-r1.ebuild
✔️  Updated EAPI in /home/ben/Desktop/kde-sunset/kde-apps/kdeartwork-kscreensaver/kdeartwork-kscreensaver-4.14.3-r1.ebuild
✔️  Updated EAPI in /home/ben/Desktop/kde-sunset/kde-apps/svgpart/svgpart-4.14.3.ebuild
✔️  Updated EAPI in /home/ben/Desktop/kde-sunset/kde-apps/knetattach/knetattach-16.04.3.ebuild
✔️  Updated EAPI in /home/ben/Desktop/kde-sunset/kde-apps/knetattach/knetattach-4.14.3.ebuild
✔️  Updated EAPI in /home/ben/Desktop/kde-sunset/kde-apps/klinkstatus/klinkstatus-4.14.3-r1.ebuild
✔️  Updated EAPI in /home/ben/Desktop/kde-sunset/kde-apps/kjumpingcube/kjumpingcube-4.14.3.ebuild
✔️  Updated EAPI in /home/ben/Desktop/kde-sunset/kde-apps/kdemultimedia-meta/kdemultimedia-meta-4.14.3.ebuild
✔️  Updated EAPI in /home/ben/Desktop/kde-sunset/kde-apps/ktimer/ktimer-4.14.3.ebuild
✔️  Updated EAPI in /home/ben/Desktop/kde-sunset/kde-apps/kdontchangethehostname/kdontchangethehostname-4.14.3.ebuild
✔️  Updated EAPI in /home/ben/Desktop/kde-sunset/kde-apps/kdontchangethehostname/kdontchangethehostname-16.04.3.ebuild
✔️  Updated EAPI in /home/ben/Desktop/kde-sunset/kde-apps/khelpcenter/khelpcenter-4.14.3.ebuild
✔️  Updated EAPI in /home/ben/Desktop/kde-sunset/kde-apps/ffmpegthumbs/ffmpegthumbs-4.14.3.ebuild
✔️  Updated EAPI in /home/ben/Desktop/kde-sunset/kde-apps/kfile/kfile-16.04.3.ebuild
✔️  Updated EAPI in /home/ben/Desktop/kde-sunset/kde-apps/kfile/kfile-4.14.3.ebuild
✔️  Updated EAPI in /home/ben/Desktop/kde-sunset/kde-apps/kgpg/kgpg-4.14.3-r1.ebuild
✔️  Updated EAPI in /home/ben/Desktop/kde-sunset/kde-apps/libkipi/libkipi-4.14.3.ebuild
✔️  Updated EAPI in /home/ben/Desktop/kde-sunset/kde-apps/korganizer/korganizer-4.14.11_pre20160611.ebuild
✔️  Updated EAPI in /home/ben/Desktop/kde-sunset/kde-apps/mplayerthumbs/mplayerthumbs-4.14.3.ebuild
✔️  Updated EAPI in /home/ben/Desktop/kde-sunset/kde-apps/dragon/dragon-4.14.3.ebuild
✔️  Updated EAPI in /home/ben/Desktop/kde-sunset/kde-apps/kolf/kolf-4.14.3.ebuild
✔️  Updated EAPI in /home/ben/Desktop/kde-sunset/kde-apps/superkaramba/superkaramba-15.08.3.ebuild
✔️  Updated EAPI in /home/ben/Desktop/kde-sunset/kde-apps/kapman/kapman-4.14.3.ebuild
✔️  Updated EAPI in /home/ben/Desktop/kde-sunset/kde-apps/akregator/akregator-4.14.11_pre20160611.ebuild
✔️  Updated EAPI in /home/ben/Desktop/kde-sunset/kde-apps/kreversi/kreversi-4.14.3.ebuild
✔️  Updated EAPI in /home/ben/Desktop/kde-sunset/kde-apps/kdeartwork-weatherwallpapers/kdeartwork-weatherwallpapers-4.14.3.ebuild
✔️  Updated EAPI in /home/ben/Desktop/kde-sunset/kde-apps/kdeartwork-weatherwallpapers/kdeartwork-weatherwallpapers-15.08.3.ebuild
✔️  Updated EAPI in /home/ben/Desktop/kde-sunset/kde-apps/ksnapshot/ksnapshot-4.14.3.ebuild
✔️  Updated EAPI in /home/ben/Desktop/kde-sunset/kde-apps/ksnapshot/ksnapshot-15.08.3-r1.ebuild
✔️  Updated EAPI in /home/ben/Desktop/kde-sunset/kde-apps/libkexiv2/libkexiv2-4.14.3.ebuild
✔️  Updated EAPI in /home/ben/Desktop/kde-sunset/kde-apps/sweeper/sweeper-4.14.3.ebuild
✔️  Updated EAPI in /home/ben/Desktop/kde-sunset/kde-apps/dolphin-plugins/dolphin-plugins-4.14.3.ebuild
✔️  Updated EAPI in /home/ben/Desktop/kde-sunset/kde-apps/blinken/blinken-4.14.3.ebuild
✔️  Updated EAPI in /home/ben/Desktop/kde-sunset/kde-apps/cervisia/cervisia-4.14.3.ebuild
✔️  Updated EAPI in /home/ben/Desktop/kde-sunset/kde-apps/palapeli/palapeli-4.14.3.ebuild
✔️  Updated EAPI in /home/ben/Desktop/kde-sunset/kde-apps/ktimetracker/ktimetracker-4.14.11_pre20160611.ebuild
✔️  Updated EAPI in /home/ben/Desktop/kde-sunset/kde-apps/kshisen/kshisen-4.14.3.ebuild
✔️  Updated EAPI in /home/ben/Desktop/kde-sunset/kde-apps/libkcddb/libkcddb-4.14.3.ebuild
✔️  Updated EAPI in /home/ben/Desktop/kde-sunset/kde-apps/ksaneplugin/ksaneplugin-4.14.3.ebuild
✔️  Updated EAPI in /home/ben/Desktop/kde-sunset/kde-apps/kiconfinder/kiconfinder-4.14.3.ebuild
✔️  Updated EAPI in /home/ben/Desktop/kde-sunset/kde-apps/kiconfinder/kiconfinder-16.04.3.ebuild
✔️  Updated EAPI in /home/ben/Desktop/kde-sunset/kde-apps/kdesdk-meta/kdesdk-meta-4.14.3.ebuild
✔️  Updated EAPI in /home/ben/Desktop/kde-sunset/kde-apps/ksquares/ksquares-4.14.3.ebuild
✔️  Updated EAPI in /home/ben/Desktop/kde-sunset/kde-apps/solid-runtime/solid-runtime-16.04.3.ebuild
✔️  Updated EAPI in /home/ben/Desktop/kde-sunset/kde-apps/kdeartwork-desktopthemes/kdeartwork-desktopthemes-15.08.3.ebuild
✔️  Updated EAPI in /home/ben/Desktop/kde-sunset/kde-apps/kdeartwork-desktopthemes/kdeartwork-desktopthemes-4.14.3.ebuild
✔️  Updated EAPI in /home/ben/Desktop/kde-sunset/kde-apps/libkgapi/libkgapi-2.2.0.ebuild
✔️  Updated EAPI in /home/ben/Desktop/kde-sunset/kde-apps/kpat/kpat-4.14.3.ebuild
✔️  Updated EAPI in /home/ben/Desktop/kde-sunset/kde-apps/kturtle/kturtle-4.14.3.ebuild
✔️  Updated EAPI in /home/ben/Desktop/kde-sunset/kde-apps/kdebase-kioslaves/kdebase-kioslaves-4.14.3.ebuild
✔️  Updated EAPI in /home/ben/Desktop/kde-sunset/kde-apps/kdebase-kioslaves/kdebase-kioslaves-16.04.3-r2.ebuild
✔️  Updated EAPI in /home/ben/Desktop/kde-sunset/kde-apps/kdesdk-kioslaves/kdesdk-kioslaves-4.14.3.ebuild
✔️  Updated EAPI in /home/ben/Desktop/kde-sunset/kde-apps/cantor/cantor-4.14.3.ebuild
✔️  Updated EAPI in /home/ben/Desktop/kde-sunset/kde-apps/kabcclient/kabcclient-4.14.11_pre20160611.ebuild
✔️  Updated EAPI in /home/ben/Desktop/kde-sunset/kde-apps/kdeartwork-colorschemes/kdeartwork-colorschemes-15.08.3.ebuild
✔️  Updated EAPI in /home/ben/Desktop/kde-sunset/kde-apps/kdeartwork-colorschemes/kdeartwork-colorschemes-4.14.3.ebuild
✔️  Updated EAPI in /home/ben/Desktop/kde-sunset/kde-apps/amor/amor-15.08.3.ebuild
✔️  Updated EAPI in /home/ben/Desktop/kde-sunset/kde-apps/kspaceduel/kspaceduel-4.14.3.ebuild
✔️  Updated EAPI in /home/ben/Desktop/kde-sunset/kde-apps/kdepim-common-libs/kdepim-common-libs-4.14.11_pre20160611-r1.ebuild
✔️  Updated EAPI in /home/ben/Desktop/kde-sunset/kde-apps/kde-dev-scripts/kde-dev-scripts-4.14.3.ebuild
✔️  Updated EAPI in /home/ben/Desktop/kde-sunset/kde-apps/kfilereplace/kfilereplace-4.14.3.ebuild
✔️  Updated EAPI in /home/ben/Desktop/kde-sunset/kde-apps/kmahjongg/kmahjongg-4.14.3.ebuild
✔️  Updated EAPI in /home/ben/Desktop/kde-sunset/kde-apps/artikulate/artikulate-4.14.3.ebuild
✔️  Updated EAPI in /home/ben/Desktop/kde-sunset/kde-apps/kdewebdev-meta/kdewebdev-meta-4.14.3.ebuild
✔️  Updated EAPI in /home/ben/Desktop/kde-sunset/kde-apps/kdesu/kdesu-16.04.3.ebuild
✔️  Updated EAPI in /home/ben/Desktop/kde-sunset/kde-apps/kdesu/kdesu-4.14.3.ebuild
✔️  Updated EAPI in /home/ben/Desktop/kde-sunset/kde-apps/ktuberling/ktuberling-4.14.3.ebuild
✔️  Updated EAPI in /home/ben/Desktop/kde-sunset/kde-apps/kdepasswd/kdepasswd-4.14.3.ebuild
✔️  Updated EAPI in /home/ben/Desktop/kde-sunset/kde-apps/poxml/poxml-4.14.3.ebuild
✔️  Updated EAPI in /home/ben/Desktop/kde-sunset/kde-apps/ktimezoned/ktimezoned-16.04.3.ebuild
✔️  Updated EAPI in /home/ben/Desktop/kde-sunset/kde-apps/ktimezoned/ktimezoned-4.14.3.ebuild
✔️  Updated EAPI in /home/ben/Desktop/kde-sunset/kde-apps/kde-wallpapers/kde-wallpapers-15.08.3.ebuild
✔️  Updated EAPI in /home/ben/Desktop/kde-sunset/kde-apps/kde-wallpapers/kde-wallpapers-4.14.3.ebuild
✔️  Updated EAPI in /home/ben/Desktop/kde-sunset/kde-apps/ktraderclient/ktraderclient-16.04.3.ebuild
✔️  Updated EAPI in /home/ben/Desktop/kde-sunset/kde-apps/ktraderclient/ktraderclient-4.14.3.ebuild
✔️  Updated EAPI in /home/ben/Desktop/kde-sunset/kde-apps/lskat/lskat-4.14.3.ebuild
✔️  Updated EAPI in /home/ben/Desktop/kde-sunset/kde-apps/kdeartwork-wallpapers/kdeartwork-wallpapers-15.08.3.ebuild
✔️  Updated EAPI in /home/ben/Desktop/kde-sunset/kde-apps/kdeartwork-wallpapers/kdeartwork-wallpapers-4.14.3.ebuild
✔️  Updated EAPI in /home/ben/Desktop/kde-sunset/kde-apps/renamedlg-plugins/renamedlg-plugins-16.04.3.ebuild
✔️  Updated EAPI in /home/ben/Desktop/kde-sunset/kde-apps/renamedlg-plugins/renamedlg-plugins-4.14.3.ebuild
✔️  Updated EAPI in /home/ben/Desktop/kde-sunset/kde-apps/plasma-runtime/plasma-runtime-4.14.3.ebuild
✔️  Updated EAPI in /home/ben/Desktop/kde-sunset/kde-apps/plasma-runtime/plasma-runtime-16.04.3.ebuild
✔️  Updated EAPI in /home/ben/Desktop/kde-sunset/kde-apps/libkomparediff2/libkomparediff2-4.14.3.ebuild
✔️  Updated EAPI in /home/ben/Desktop/kde-sunset/kde-apps/konquest/konquest-4.14.3.ebuild
✔️  Updated EAPI in /home/ben/Desktop/kde-sunset/kde-apps/parley/parley-4.14.3.ebuild
✔️  Updated EAPI in /home/ben/Desktop/kde-sunset/kde-apps/kalzium/kalzium-4.14.3.ebuild
✔️  Updated EAPI in /home/ben/Desktop/kde-sunset/kde-apps/kteatime/kteatime-4.14.3.ebuild
✔️  Updated EAPI in /home/ben/Desktop/kde-sunset/kde-apps/kscd/kscd-17.08.3_p20200629.ebuild
✔️  Updated EAPI in /home/ben/Desktop/kde-sunset/kde-apps/kde4-l10n/kde4-l10n-4.11.2.ebuild
✔️  Updated EAPI in /home/ben/Desktop/kde-sunset/kde-apps/kubrick/kubrick-4.14.3.ebuild
✔️  Updated EAPI in /home/ben/Desktop/kde-sunset/kde-apps/kde-meta/kde-meta-4.14.3-r1.ebuild
✔️  Updated EAPI in /home/ben/Desktop/kde-sunset/kde-apps/akonadi/akonadi-1.13.1_p20161023.ebuild
✔️  Updated EAPI in /home/ben/Desktop/kde-sunset/kde-apps/akonadi/akonadi-1.13.1_pre20160203-r1.ebuild
✔️  Updated EAPI in /home/ben/Desktop/kde-sunset/kde-apps/kdepim-kresources/kdepim-kresources-4.14.11_pre20160611.ebuild
✔️  Updated EAPI in /home/ben/Desktop/kde-sunset/kde-apps/kate/kate-4.14.3.ebuild
✔️  Updated EAPI in /home/ben/Desktop/kde-sunset/kde-apps/kopete/kopete-4.14.3-r1.ebuild
✔️  Updated EAPI in /home/ben/Desktop/kde-sunset/kde-apps/kdeartwork-meta/kdeartwork-meta-15.08.3-r1.ebuild
✔️  Updated EAPI in /home/ben/Desktop/kde-sunset/kde-apps/kdeartwork-meta/kdeartwork-meta-4.14.3.ebuild
✔️  Updated EAPI in /home/ben/Desktop/kde-sunset/kde-apps/kiriki/kiriki-4.14.3.ebuild
✔️  Updated EAPI in /home/ben/Desktop/kde-sunset/kde-apps/libkdeedu/libkdeedu-4.14.3.ebuild
✔️  Updated EAPI in /home/ben/Desktop/kde-sunset/kde-apps/kmix/kmix-4.14.3-r1.ebuild
✔️  Updated EAPI in /home/ben/Desktop/kde-sunset/kde-apps/kigo/kigo-4.14.3.ebuild
✔️  Updated EAPI in /home/ben/Desktop/kde-sunset/kde-apps/kdebase-menu/kdebase-menu-16.04.3.ebuild
✔️  Updated EAPI in /home/ben/Desktop/kde-sunset/kde-apps/kdebase-menu/kdebase-menu-4.14.3.ebuild
✔️  Updated EAPI in /home/ben/Desktop/kde-sunset/kde-apps/ktux/ktux-15.08.3.ebuild
✔️  Updated EAPI in /home/ben/Desktop/kde-sunset/kde-apps/ktouch/ktouch-4.14.3.ebuild
✔️  Updated EAPI in /home/ben/Desktop/kde-sunset/kde-apps/knode/knode-4.14.11_pre20160611.ebuild
✔️  Updated EAPI in /home/ben/Desktop/kde-sunset/kde-apps/kcron/kcron-4.14.3.ebuild
✔️  Updated EAPI in /home/ben/Desktop/kde-sunset/kde-apps/kmousetool/kmousetool-4.14.3.ebuild
✔️  Updated EAPI in /home/ben/Desktop/kde-sunset/kde-apps/kommander/kommander-4.14.3.ebuild
✔️  Updated EAPI in /home/ben/Desktop/kde-sunset/kde-apps/killbots/killbots-4.14.3.ebuild
✔️  Updated EAPI in /home/ben/Desktop/kde-sunset/kde-apps/step/step-4.14.3.ebuild
✔️  Updated EAPI in /home/ben/Desktop/kde-sunset/kde-apps/ark/ark-4.14.3-r1.ebuild
✔️  Updated EAPI in /home/ben/Desktop/kde-sunset/kde-apps/kdiamond/kdiamond-4.14.3.ebuild
✔️  Updated EAPI in /home/ben/Desktop/kde-sunset/kde-apps/kpasswdserver/kpasswdserver-16.04.3.ebuild
✔️  Updated EAPI in /home/ben/Desktop/kde-sunset/kde-apps/kpasswdserver/kpasswdserver-4.14.3.ebuild
✔️  Updated EAPI in /home/ben/Desktop/kde-sunset/kde-apps/kiten/kiten-4.14.3.ebuild
✔️  Updated EAPI in /home/ben/Desktop/kde-sunset/kde-apps/dolphin/dolphin-4.14.3-r1.ebuild
✔️  Updated EAPI in /home/ben/Desktop/kde-sunset/kde-apps/kontact/kontact-4.14.11_pre20160611.ebuild
✔️  Updated EAPI in /home/ben/Desktop/kde-sunset/kde-apps/katepart/katepart-4.14.3.ebuild
✔️  Updated EAPI in /home/ben/Desktop/kde-sunset/kde-apps/ksnakeduel/ksnakeduel-4.14.3.ebuild
✔️  Updated EAPI in /home/ben/Desktop/kde-sunset/kde-apps/kalgebra/kalgebra-4.14.3.ebuild
✔️  Updated EAPI in /home/ben/Desktop/kde-sunset/kde-apps/kurifilter-plugins/kurifilter-plugins-16.04.3.ebuild
✔️  Updated EAPI in /home/ben/Desktop/kde-sunset/kde-apps/kurifilter-plugins/kurifilter-plugins-4.14.3.ebuild
✔️  Updated EAPI in /home/ben/Desktop/kde-sunset/kde-apps/kdegraphics-mobipocket/kdegraphics-mobipocket-4.14.3-r1.ebuild
✔️  Updated EAPI in /home/ben/Desktop/kde-sunset/kde-apps/filelight/filelight-4.14.3.ebuild
✔️  Updated EAPI in /home/ben/Desktop/kde-sunset/kde-apps/ktnef/ktnef-4.14.11_pre20160611.ebuild
✔️  Updated EAPI in /home/ben/Desktop/kde-sunset/kde-apps/kdenetwork-filesharing/kdenetwork-filesharing-4.14.3.ebuild
✔️  Updated EAPI in /home/ben/Desktop/kde-sunset/kde-apps/gwenview/gwenview-4.14.3.ebuild
✔️  Updated EAPI in /home/ben/Desktop/kde-sunset/kde-apps/jovie/jovie-4.14.3.ebuild
✔️  Updated EAPI in /home/ben/Desktop/kde-sunset/kde-apps/kdepim-meta/kdepim-meta-4.14.11_pre20160611.ebuild
✔️  Updated EAPI in /home/ben/Desktop/kde-sunset/kde-apps/libksane/libksane-4.14.3.ebuild
✔️  Updated EAPI in /home/ben/Desktop/kde-sunset/kde-apps/audiocd-kio/audiocd-kio-4.14.3.ebuild
✔️  Updated EAPI in /home/ben/Desktop/kde-sunset/kde-apps/kcachegrind/kcachegrind-4.14.3.ebuild
✔️  Updated EAPI in /home/ben/Desktop/kde-sunset/kde-apps/kcontrol/kcontrol-16.04.3.ebuild
✔️  Updated EAPI in /home/ben/Desktop/kde-sunset/kde-apps/kcontrol/kcontrol-4.14.3.ebuild
✔️  Updated EAPI in /home/ben/Desktop/kde-sunset/kde-apps/kdetoys-meta/kdetoys-meta-15.08.3.ebuild
✔️  Updated EAPI in /home/ben/Desktop/kde-sunset/kde-apps/k3b/k3b-2.0.3-r5.ebuild
✔️  Updated EAPI in /home/ben/Desktop/kde-sunset/kde-apps/libkonq/libkonq-4.14.3.ebuild
✔️  Updated EAPI in /home/ben/Desktop/kde-sunset/kde-apps/libkdcraw/libkdcraw-4.14.3-r1.ebuild
✔️  Updated EAPI in /home/ben/Desktop/kde-sunset/kde-apps/ksirk/ksirk-4.14.3.ebuild
✔️  Updated EAPI in /home/ben/Desktop/kde-sunset/kde-apps/khangman/khangman-4.14.3.ebuild
✔️  Updated EAPI in /home/ben/Desktop/kde-sunset/kde-apps/kuiserver/kuiserver-16.04.3.ebuild
✔️  Updated EAPI in /home/ben/Desktop/kde-sunset/kde-apps/kuiserver/kuiserver-4.14.3.ebuild
✔️  Updated EAPI in /home/ben/Desktop/kde-sunset/kde-apps/konsole/konsole-4.14.3-r2.ebuild
✔️  Updated EAPI in /home/ben/Desktop/kde-sunset/kde-apps/kolourpaint/kolourpaint-4.14.3.ebuild
✔️  Updated EAPI in /home/ben/Desktop/kde-sunset/kde-apps/kruler/kruler-4.14.3.ebuild
✔️  Updated EAPI in /home/ben/Desktop/kde-sunset/kde-apps/kdeutils-meta/kdeutils-meta-4.14.3.ebuild
✔️  Updated EAPI in /home/ben/Desktop/kde-sunset/kde-apps/klines/klines-4.14.3.ebuild
✔️  Updated EAPI in /home/ben/Desktop/kde-sunset/kde-apps/picmi/picmi-4.14.3.ebuild
✔️  Updated EAPI in /home/ben/Desktop/kde-sunset/kde-apps/kdeartwork-styles/kdeartwork-styles-15.08.3.ebuild
✔️  Updated EAPI in /home/ben/Desktop/kde-sunset/kde-apps/kdeartwork-styles/kdeartwork-styles-4.14.3.ebuild
✔️  Updated EAPI in /home/ben/Desktop/kde-sunset/kde-apps/analitza/analitza-4.14.3.ebuild
✔️  Updated EAPI in /home/ben/Desktop/kde-sunset/kde-apps/kppp/kppp-4.14.3.ebuild
✔️  Updated EAPI in /home/ben/Desktop/kde-sunset/kde-apps/knotify/knotify-16.04.3.ebuild
✔️  Updated EAPI in /home/ben/Desktop/kde-sunset/kde-apps/knotify/knotify-4.14.3.ebuild
✔️  Updated EAPI in /home/ben/Desktop/kde-sunset/kde-apps/baloo-widgets/baloo-widgets-4.14.3.ebuild
✔️  Updated EAPI in /home/ben/Desktop/kde-sunset/kde-apps/knetwalk/knetwalk-4.14.3.ebuild
✔️  Updated EAPI in /home/ben/Desktop/kde-sunset/kde-apps/zeroconf-ioslave/zeroconf-ioslave-4.14.3.ebuild
✔️  Updated EAPI in /home/ben/Desktop/kde-sunset/kde-apps/kfloppy/kfloppy-4.14.3.ebuild
✔️  Updated EAPI in /home/ben/Desktop/kde-sunset/kde-apps/kblocks/kblocks-4.14.3.ebuild
✔️  Updated EAPI in /home/ben/Desktop/kde-sunset/kde-apps/attica/attica-16.04.3.ebuild
✔️  Updated EAPI in /home/ben/Desktop/kde-sunset/kde-apps/attica/attica-4.14.3.ebuild
✔️  Updated EAPI in /home/ben/Desktop/kde-sunset/kde-apps/kcharselect/kcharselect-4.14.3.ebuild
✔️  Updated EAPI in /home/ben/Desktop/kde-sunset/kde-apps/ksystemlog/ksystemlog-4.14.3.ebuild
✔️  Updated EAPI in /home/ben/Desktop/kde-sunset/kde-apps/yakuake/yakuake-2.9.9-r3.ebuild
✔️  Updated EAPI in /home/ben/Desktop/kde-sunset/app-editors/kile/kile-2.1.3-r3.ebuild
✔️  Updated EAPI in /home/ben/Desktop/kde-sunset/app-editors/okteta/okteta-4.14.3.ebuild
✔️  Updated EAPI in /home/ben/Desktop/kde-sunset/app-office/libalkimia/libalkimia-5.0.0.ebuild
✔️  Updated EAPI in /home/ben/Desktop/kde-sunset/app-office/calligra-l10n/calligra-l10n-2.9.11-r1.ebuild
✔️  Updated EAPI in /home/ben/Desktop/kde-sunset/app-office/kmymoney/kmymoney-4.8.1.1-r1.ebuild
✔️  Updated EAPI in /home/ben/Desktop/kde-sunset/app-office/calligra/calligra-2.9.11-r1.ebuild
